[2024-12-17 07:35:27] production.ERROR: Undefined variable $previousUrl {"view":{"view":"/home/u514029155/domains/worldgateconsultation.ae/public_html/resources/views/web/default/includes/top_nav.blade.php","data":[]},"userId":1062,"exception":"[object] (Spatie\\LaravelIgnition\\Exceptions\\ViewException(code: 0): Undefined variable $previousUrl at /home/u514029155/domains/worldgateconsultation.ae/public_html/resources/views/web/default/includes/top_nav.blade.php:53)
[stacktrace]
#0 /home/u514029155/domains/worldgateconsultation.ae/public_html/vendor/laravel/framework/src/Illuminate/Foundation/Bootstrap/HandleExceptions.php(270): Illuminate\\Foundation\\Bootstrap\\HandleExceptions->handleError()
#1 /home/u514029155/domains/worldgateconsultation.ae/public_html/resources/views/web/default/includes/top_nav.blade.php(53): Illuminate\\Foundation\\Bootstrap\\HandleExceptions->Illuminate\\Foundation\\Bootstrap\\{closure}()
#2 /home/u514029155/domains/worldgateconsultation.ae/public_html/vendor/laravel/framework/src/Illuminate/Filesystem/Filesystem.php(109): require('/home/u51402915...')
#3 /home/u514029155/domains/worldgateconsultation.ae/public_html/vendor/laravel/framework/src/Illuminate/Filesystem/Filesystem.php(110): Illuminate\\Filesystem\\Filesystem::Illuminate\\Filesystem\\{closure}()
#4 /home/u514029155/domains/worldgateconsultation.ae/public_html/vendor/laravel/framework/src/Illuminate/View/Engines/PhpEngine.php(58): Illuminate\\Filesystem\\Filesystem->getRequire()
#5 /home/u514029155/domains/worldgateconsultation.ae/public_html/vendor/laravel/framework/src/Illuminate/View/Engines/CompilerEngine.php(70): Illuminate\\View\\Engines\\PhpEngine->evaluatePath()
#6 /home/u514029155/domains/worldgateconsultation.ae/public_html/vendor/laravel/framework/src/Illuminate/View/View.php(195): Illuminate\\View\\Engines\\CompilerEngine->get()
#7 /home/u514029155/domains/worldgateconsultation.ae/public_html/vendor/laravel/framework/src/Illuminate/View/View.php(178): Illuminate\\View\\View->getContents()
#8 /home/u514029155/domains/worldgateconsultation.ae/public_html/vendor/laravel/framework/src/Illuminate/View/View.php(147): Illuminate\\View\\View->renderContents()
#9 /home/u514029155/domains/worldgateconsultation.ae/public_html/resources/views/web/default/layouts/app.blade.php(127): Illuminate\\View\\View->render()
#10 /home/u514029155/domains/worldgateconsultation.ae/public_html/vendor/laravel/framework/src/Illuminate/Filesystem/Filesystem.php(109): require('/home/u51402915...')
#11 /home/u514029155/domains/worldgateconsultation.ae/public_html/vendor/laravel/framework/src/Illuminate/Filesystem/Filesystem.php(110): Illuminate\\Filesystem\\Filesystem::Illuminate\\Filesystem\\{closure}()
#12 /home/u514029155/domains/worldgateconsultation.ae/public_html/vendor/laravel/framework/src/Illuminate/View/Engines/PhpEngine.php(58): Illuminate\\Filesystem\\Filesystem->getRequire()
#13 /home/u514029155/domains/worldgateconsultation.ae/public_html/vendor/laravel/framework/src/Illuminate/View/Engines/CompilerEngine.php(70): Illuminate\\View\\Engines\\PhpEngine->evaluatePath()
#14 /home/u514029155/domains/worldgateconsultation.ae/public_html/vendor/laravel/framework/src/Illuminate/View/View.php(195): Illuminate\\View\\Engines\\CompilerEngine->get()
#15 /home/u514029155/domains/worldgateconsultation.ae/public_html/vendor/laravel/framework/src/Illuminate/View/View.php(178): Illuminate\\View\\View->getContents()
#16 /home/u514029155/domains/worldgateconsultation.ae/public_html/vendor/laravel/framework/src/Illuminate/View/View.php(147): Illuminate\\View\\View->renderContents()
#17 /home/u514029155/domains/worldgateconsultation.ae/public_html/resources/views/web/default/pages/home.blade.php(1115): Illuminate\\View\\View->render()
#18 /home/u514029155/domains/worldgateconsultation.ae/public_html/vendor/laravel/framework/src/Illuminate/Filesystem/Filesystem.php(109): require('/home/u51402915...')
#19 /home/u514029155/domains/worldgateconsultation.ae/public_html/vendor/laravel/framework/src/Illuminate/Filesystem/Filesystem.php(110): Illuminate\\Filesystem\\Filesystem::Illuminate\\Filesystem\\{closure}()
#20 /home/u514029155/domains/worldgateconsultation.ae/public_html/vendor/laravel/framework/src/Illuminate/View/Engines/PhpEngine.php(58): Illuminate\\Filesystem\\Filesystem->getRequire()
#21 /home/u514029155/domains/worldgateconsultation.ae/public_html/vendor/laravel/framework/src/Illuminate/View/Engines/CompilerEngine.php(70): Illuminate\\View\\Engines\\PhpEngine->evaluatePath()
#22 /home/u514029155/domains/worldgateconsultation.ae/public_html/vendor/laravel/framework/src/Illuminate/View/View.php(195): Illuminate\\View\\Engines\\CompilerEngine->get()
#23 /home/u514029155/domains/worldgateconsultation.ae/public_html/vendor/laravel/framework/src/Illuminate/View/View.php(178): Illuminate\\View\\View->getContents()
#24 /home/u514029155/domains/worldgateconsultation.ae/public_html/vendor/laravel/framework/src/Illuminate/View/View.php(147): Illuminate\\View\\View->renderContents()
#25 /home/u514029155/domains/worldgateconsultation.ae/public_html/vendor/laravel/framework/src/Illuminate/Http/Response.php(69): Illuminate\\View\\View->render()
#26 /home/u514029155/domains/worldgateconsultation.ae/public_html/vendor/laravel/framework/src/Illuminate/Http/Response.php(35): Illuminate\\Http\\Response->setContent()
#27 /home/u514029155/domains/worldgateconsultation.ae/public_html/vendor/laravel/framework/src/Illuminate/Routing/Router.php(906): Illuminate\\Http\\Response->__construct()
#28 /home/u514029155/domains/worldgateconsultation.ae/public_html/vendor/laravel/framework/src/Illuminate/Routing/Router.php(875): Illuminate\\Routing\\Router::toResponse()
#29 /home/u514029155/domains/worldgateconsultation.ae/public_html/vendor/laravel/framework/src/Illuminate/Routing/Router.php(798): Illuminate\\Routing\\Router->prepareResponse()
#30 /home/u514029155/domains/worldgateconsultation.ae/public_html/vendor/laravel/framework/src/Illuminate/Pipeline/Pipeline.php(141): Illuminate\\Routing\\Router->Illuminate\\Routing\\{closure}()
#31 /home/u514029155/domains/worldgateconsultation.ae/public_html/app/Http/Middleware/CheckRestriction.php(34): Illuminate\\Pipeline\\Pipeline->Illuminate\\Pipeline\\{closure}()
#32 /home/u514029155/domains/worldgateconsultation.ae/public_html/vendor/laravel/framework/src/Illuminate/Pipeline/Pipeline.php(180): App\\Http\\Middleware\\CheckRestriction->handle()
#33 /home/u514029155/domains/worldgateconsultation.ae/public_html/app/Http/Middleware/CheckMaintenance.php(37): Illuminate\\Pipeline\\Pipeline->Illuminate\\Pipeline\\{closure}()
#34 /home/u514029155/domains/worldgateconsultation.ae/public_html/vendor/laravel/framework/src/Illuminate/Pipeline/Pipeline.php(180): App\\Http\\Middleware\\CheckMaintenance->handle()
#35 /home/u514029155/domains/worldgateconsultation.ae/public_html/app/Http/Middleware/Share.php(90): Illuminate\\Pipeline\\Pipeline->Illuminate\\Pipeline\\{closure}()
#36 /home/u514029155/domains/worldgateconsultation.ae/public_html/vendor/laravel/framework/src/Illuminate/Pipeline/Pipeline.php(180): App\\Http\\Middleware\\Share->handle()
#37 /home/u514029155/domains/worldgateconsultation.ae/public_html/app/Http/Middleware/Impersonate.php(23): Illuminate\\Pipeline\\Pipeline->Illuminate\\Pipeline\\{closure}()
#38 /home/u514029155/domains/worldgateconsultation.ae/public_html/vendor/laravel/framework/src/Illuminate/Pipeline/Pipeline.php(180): App\\Http\\Middleware\\Impersonate->handle()
#39 /home/u514029155/domains/worldgateconsultation.ae/public_html/app/Http/Middleware/CheckMobileApp.php(25): Illuminate\\Pipeline\\Pipeline->Illuminate\\Pipeline\\{closure}()
#40 /home/u514029155/domains/worldgateconsultation.ae/public_html/vendor/laravel/framework/src/Illuminate/Pipeline/Pipeline.php(180): App\\Http\\Middleware\\CheckMobileApp->handle()
#41 /home/u514029155/domains/worldgateconsultation.ae/public_html/app/Http/Middleware/DebugBar.php(22): Illuminate\\Pipeline\\Pipeline->Illuminate\\Pipeline\\{closure}()
#42 /home/u514029155/domains/worldgateconsultation.ae/public_html/vendor/laravel/framework/src/Illuminate/Pipeline/Pipeline.php(180): App\\Http\\Middleware\\DebugBar->handle()
#43 /home/u514029155/domains/worldgateconsultation.ae/public_html/app/Http/Middleware/UserLocale.php(44): Illuminate\\Pipeline\\Pipeline->Illuminate\\Pipeline\\{closure}()
#44 /home/u514029155/domains/worldgateconsultation.ae/public_html/vendor/laravel/framework/src/Illuminate/Pipeline/Pipeline.php(180): App\\Http\\Middleware\\UserLocale->handle()
#45 /home/u514029155/domains/worldgateconsultation.ae/public_html/vendor/laravel/framework/src/Illuminate/Routing/Middleware/SubstituteBindings.php(50): Illuminate\\Pipeline\\Pipeline->Illuminate\\Pipeline\\{closure}()
#46 /home/u514029155/domains/worldgateconsultation.ae/public_html/vendor/laravel/framework/src/Illuminate/Pipeline/Pipeline.php(180): Illuminate\\Routing\\Middleware\\SubstituteBindings->handle()
#47 /home/u514029155/domains/worldgateconsultation.ae/public_html/vendor/laravel/framework/src/Illuminate/Foundation/Http/Middleware/VerifyCsrfToken.php(78): Illuminate\\Pipeline\\Pipeline->Illuminate\\Pipeline\\{closure}()
#48 /home/u514029155/domains/worldgateconsultation.ae/public_html/vendor/laravel/framework/src/Illuminate/Pipeline/Pipeline.php(180): Illuminate\\Foundation\\Http\\Middleware\\VerifyCsrfToken->handle()
#49 /home/u514029155/domains/worldgateconsultation.ae/public_html/vendor/laravel/framework/src/Illuminate/View/Middleware/ShareErrorsFromSession.php(49): Illuminate\\Pipeline\\Pipeline->Illuminate\\Pipeline\\{closure}()
#50 /home/u514029155/domains/worldgateconsultation.ae/public_html/vendor/laravel/framework/src/Illuminate/Pipeline/Pipeline.php(180): Illuminate\\View\\Middleware\\ShareErrorsFromSession->handle()
#51 /home/u514029155/domains/worldgateconsultation.ae/public_html/vendor/laravel/framework/src/Illuminate/Session/Middleware/StartSession.php(121): Illuminate\\Pipeline\\Pipeline->Illuminate\\Pipeline\\{closure}()
#52 /home/u514029155/domains/worldgateconsultation.ae/public_html/vendor/laravel/framework/src/Illuminate/Session/Middleware/StartSession.php(64): Illuminate\\Session\\Middleware\\StartSession->handleStatefulRequest()
#53 /home/u514029155/domains/worldgateconsultation.ae/public_html/vendor/laravel/framework/src/Illuminate/Pipeline/Pipeline.php(180): Illuminate\\Session\\Middleware\\StartSession->handle()
#54 /home/u514029155/domains/worldgateconsultation.ae/public_html/vendor/laravel/framework/src/Illuminate/Cookie/Middleware/AddQueuedCookiesToResponse.php(37): Illuminate\\Pipeline\\Pipeline->Illuminate\\Pipeline\\{closure}()
#55 /home/u514029155/domains/worldgateconsultation.ae/public_html/vendor/laravel/framework/src/Illuminate/Pipeline/Pipeline.php(180): Illuminate\\Cookie\\Middleware\\AddQueuedCookiesToResponse->handle()
#56 /home/u514029155/domains/worldgateconsultation.ae/public_html/vendor/laravel/framework/src/Illuminate/Cookie/Middleware/EncryptCookies.php(67): Illuminate\\Pipeline\\Pipeline->Illuminate\\Pipeline\\{closure}()
#57 /home/u514029155/domains/worldgateconsultation.ae/public_html/vendor/laravel/framework/src/Illuminate/Pipeline/Pipeline.php(180): Illuminate\\Cookie\\Middleware\\EncryptCookies->handle()
#58 /home/u514029155/domains/worldgateconsultation.ae/public_html/vendor/laravel/framework/src/Illuminate/Pipeline/Pipeline.php(116): Illuminate\\Pipeline\\Pipeline->Illuminate\\Pipeline\\{closure}()
#59 /home/u514029155/domains/worldgateconsultation.ae/public_html/vendor/laravel/framework/src/Illuminate/Routing/Router.php(799): Illuminate\\Pipeline\\Pipeline->then()
#60 /home/u514029155/domains/worldgateconsultation.ae/public_html/vendor/laravel/framework/src/Illuminate/Routing/Router.php(776): Illuminate\\Routing\\Router->runRouteWithinStack()
#61 /home/u514029155/domains/worldgateconsultation.ae/public_html/vendor/laravel/framework/src/Illuminate/Routing/Router.php(740): Illuminate\\Routing\\Router->runRoute()
#62 /home/u514029155/domains/worldgateconsultation.ae/public_html/vendor/laravel/framework/src/Illuminate/Routing/Router.php(729): Illuminate\\Routing\\Router->dispatchToRoute()
#63 /home/u514029155/domains/worldgateconsultation.ae/public_html/vendor/laravel/framework/src/Illuminate/Foundation/Http/Kernel.php(190): Illuminate\\Routing\\Router->dispatch()
#64 /home/u514029155/domains/worldgateconsultation.ae/public_html/vendor/laravel/framework/src/Illuminate/Pipeline/Pipeline.php(141): Illuminate\\Foundation\\Http\\Kernel->Illuminate\\Foundation\\Http\\{closure}()
#65 /home/u514029155/domains/worldgateconsultation.ae/public_html/vendor/barryvdh/laravel-debugbar/src/Middleware/InjectDebugbar.php(66): Illuminate\\Pipeline\\Pipeline->Illuminate\\Pipeline\\{closure}()
#66 /home/u514029155/domains/worldgateconsultation.ae/public_html/vendor/laravel/framework/src/Illuminate/Pipeline/Pipeline.php(180): Barryvdh\\Debugbar\\Middleware\\InjectDebugbar->handle()
#67 /home/u514029155/domains/worldgateconsultation.ae/public_html/vendor/laravel/framework/src/Illuminate/Foundation/Http/Middleware/TransformsRequest.php(21): Illuminate\\Pipeline\\Pipeline->Illuminate\\Pipeline\\{closure}()
#68 /home/u514029155/domains/worldgateconsultation.ae/public_html/vendor/laravel/framework/src/Illuminate/Foundation/Http/Middleware/ConvertEmptyStringsToNull.php(31): Illuminate\\Foundation\\Http\\Middleware\\TransformsRequest->handle()
#69 /home/u514029155/domains/worldgateconsultation.ae/public_html/vendor/laravel/framework/src/Illuminate/Pipeline/Pipeline.php(180): Illuminate\\Foundation\\Http\\Middleware\\ConvertEmptyStringsToNull->handle()
#70 /home/u514029155/domains/worldgateconsultation.ae/public_html/vendor/laravel/framework/src/Illuminate/Foundation/Http/Middleware/TransformsRequest.php(21): Illuminate\\Pipeline\\Pipeline->Illuminate\\Pipeline\\{closure}()
#71 /home/u514029155/domains/worldgateconsultation.ae/public_html/vendor/laravel/framework/src/Illuminate/Foundation/Http/Middleware/TrimStrings.php(40): Illuminate\\Foundation\\Http\\Middleware\\TransformsRequest->handle()
#72 /home/u514029155/domains/worldgateconsultation.ae/public_html/vendor/laravel/framework/src/Illuminate/Pipeline/Pipeline.php(180): Illuminate\\Foundation\\Http\\Middleware\\TrimStrings->handle()
#73 /home/u514029155/domains/worldgateconsultation.ae/public_html/vendor/laravel/framework/src/Illuminate/Foundation/Http/Middleware/ValidatePostSize.php(27): Illuminate\\Pipeline\\Pipeline->Illuminate\\Pipeline\\{closure}()
#74 /home/u514029155/domains/worldgateconsultation.ae/public_html/vendor/laravel/framework/src/Illuminate/Pipeline/Pipeline.php(180): Illuminate\\Foundation\\Http\\Middleware\\ValidatePostSize->handle()
#75 /home/u514029155/domains/worldgateconsultation.ae/public_html/vendor/laravel/framework/src/Illuminate/Foundation/Http/Middleware/PreventRequestsDuringMaintenance.php(86): Illuminate\\Pipeline\\Pipeline->Illuminate\\Pipeline\\{closure}()
#76 /home/u514029155/domains/worldgateconsultation.ae/public_html/vendor/laravel/framework/src/Illuminate/Pipeline/Pipeline.php(180): Illuminate\\Foundation\\Http\\Middleware\\PreventRequestsDuringMaintenance->handle()
#77 /home/u514029155/domains/worldgateconsultation.ae/public_html/vendor/fruitcake/laravel-cors/src/HandleCors.php(38): Illuminate\\Pipeline\\Pipeline->Illuminate\\Pipeline\\{closure}()
#78 /home/u514029155/domains/worldgateconsultation.ae/public_html/vendor/laravel/framework/src/Illuminate/Pipeline/Pipeline.php(180): Fruitcake\\Cors\\HandleCors->handle()
#79 /home/u514029155/domains/worldgateconsultation.ae/public_html/vendor/laravel/framework/src/Illuminate/Http/Middleware/TrustProxies.php(39): Illuminate\\Pipeline\\Pipeline->Illuminate\\Pipeline\\{closure}()
#80 /home/u514029155/domains/worldgateconsultation.ae/public_html/vendor/laravel/framework/src/Illuminate/Pipeline/Pipeline.php(180): Illuminate\\Http\\Middleware\\TrustProxies->handle()
#81 /home/u514029155/domains/worldgateconsultation.ae/public_html/vendor/laravel/framework/src/Illuminate/Pipeline/Pipeline.php(116): Illuminate\\Pipeline\\Pipeline->Illuminate\\Pipeline\\{closure}()
#82 /home/u514029155/domains/worldgateconsultation.ae/public_html/vendor/laravel/framework/src/Illuminate/Foundation/Http/Kernel.php(165): Illuminate\\Pipeline\\Pipeline->then()
#83 /home/u514029155/domains/worldgateconsultation.ae/public_html/vendor/laravel/framework/src/Illuminate/Foundation/Http/Kernel.php(134): Illuminate\\Foundation\\Http\\Kernel->sendRequestThroughRouter()
#84 /home/u514029155/domains/worldgateconsultation.ae/public_html/public/index.php(52): Illuminate\\Foundation\\Http\\Kernel->handle()
#85 {main}

[previous exception] [object] (ErrorException(code: 0): Undefined variable $previousUrl at /home/u514029155/domains/worldgateconsultation.ae/public_html/storage/framework/views/b9c110a5ad12ce911375135bc389bdbdaf504205.php:56)
[stacktrace]
#0 /home/u514029155/domains/worldgateconsultation.ae/public_html/vendor/laravel/framework/src/Illuminate/Foundation/Bootstrap/HandleExceptions.php(270): Illuminate\\Foundation\\Bootstrap\\HandleExceptions->handleError()
#1 /home/u514029155/domains/worldgateconsultation.ae/public_html/storage/framework/views/b9c110a5ad12ce911375135bc389bdbdaf504205.php(56): Illuminate\\Foundation\\Bootstrap\\HandleExceptions->Illuminate\\Foundation\\Bootstrap\\{closure}()
#2 /home/u514029155/domains/worldgateconsultation.ae/public_html/vendor/laravel/framework/src/Illuminate/Filesystem/Filesystem.php(109): require('/home/u51402915...')
#3 /home/u514029155/domains/worldgateconsultation.ae/public_html/vendor/laravel/framework/src/Illuminate/Filesystem/Filesystem.php(110): Illuminate\\Filesystem\\Filesystem::Illuminate\\Filesystem\\{closure}()
#4 /home/u514029155/domains/worldgateconsultation.ae/public_html/vendor/laravel/framework/src/Illuminate/View/Engines/PhpEngine.php(58): Illuminate\\Filesystem\\Filesystem->getRequire()
#5 /home/u514029155/domains/worldgateconsultation.ae/public_html/vendor/laravel/framework/src/Illuminate/View/Engines/CompilerEngine.php(70): Illuminate\\View\\Engines\\PhpEngine->evaluatePath()
#6 /home/u514029155/domains/worldgateconsultation.ae/public_html/vendor/laravel/framework/src/Illuminate/View/View.php(195): Illuminate\\View\\Engines\\CompilerEngine->get()
#7 /home/u514029155/domains/worldgateconsultation.ae/public_html/vendor/laravel/framework/src/Illuminate/View/View.php(178): Illuminate\\View\\View->getContents()
#8 /home/u514029155/domains/worldgateconsultation.ae/public_html/vendor/laravel/framework/src/Illuminate/View/View.php(147): Illuminate\\View\\View->renderContents()
#9 /home/u514029155/domains/worldgateconsultation.ae/public_html/storage/framework/views/b2ac3298173b8b49455be9b0b1f6103234e8305c.php(130): Illuminate\\View\\View->render()
#10 /home/u514029155/domains/worldgateconsultation.ae/public_html/vendor/laravel/framework/src/Illuminate/Filesystem/Filesystem.php(109): require('/home/u51402915...')
#11 /home/u514029155/domains/worldgateconsultation.ae/public_html/vendor/laravel/framework/src/Illuminate/Filesystem/Filesystem.php(110): Illuminate\\Filesystem\\Filesystem::Illuminate\\Filesystem\\{closure}()
#12 /home/u514029155/domains/worldgateconsultation.ae/public_html/vendor/laravel/framework/src/Illuminate/View/Engines/PhpEngine.php(58): Illuminate\\Filesystem\\Filesystem->getRequire()
#13 /home/u514029155/domains/worldgateconsultation.ae/public_html/vendor/laravel/framework/src/Illuminate/View/Engines/CompilerEngine.php(70): Illuminate\\View\\Engines\\PhpEngine->evaluatePath()
#14 /home/u514029155/domains/worldgateconsultation.ae/public_html/vendor/laravel/framework/src/Illuminate/View/View.php(195): Illuminate\\View\\Engines\\CompilerEngine->get()
#15 /home/u514029155/domains/worldgateconsultation.ae/public_html/vendor/laravel/framework/src/Illuminate/View/View.php(178): Illuminate\\View\\View->getContents()
#16 /home/u514029155/domains/worldgateconsultation.ae/public_html/vendor/laravel/framework/src/Illuminate/View/View.php(147): Illuminate\\View\\View->renderContents()
#17 /home/u514029155/domains/worldgateconsultation.ae/public_html/storage/framework/views/4b5174795d6b6af372efbb48f8fd2dc1206eaac6.php(1258): Illuminate\\View\\View->render()
#18 /home/u514029155/domains/worldgateconsultation.ae/public_html/vendor/laravel/framework/src/Illuminate/Filesystem/Filesystem.php(109): require('/home/u51402915...')
#19 /home/u514029155/domains/worldgateconsultation.ae/public_html/vendor/laravel/framework/src/Illuminate/Filesystem/Filesystem.php(110): Illuminate\\Filesystem\\Filesystem::Illuminate\\Filesystem\\{closure}()
#20 /home/u514029155/domains/worldgateconsultation.ae/public_html/vendor/laravel/framework/src/Illuminate/View/Engines/PhpEngine.php(58): Illuminate\\Filesystem\\Filesystem->getRequire()
#21 /home/u514029155/domains/worldgateconsultation.ae/public_html/vendor/laravel/framework/src/Illuminate/View/Engines/CompilerEngine.php(70): Illuminate\\View\\Engines\\PhpEngine->evaluatePath()
#22 /home/u514029155/domains/worldgateconsultation.ae/public_html/vendor/laravel/framework/src/Illuminate/View/View.php(195): Illuminate\\View\\Engines\\CompilerEngine->get()
#23 /home/u514029155/domains/worldgateconsultation.ae/public_html/vendor/laravel/framework/src/Illuminate/View/View.php(178): Illuminate\\View\\View->getContents()
#24 /home/u514029155/domains/worldgateconsultation.ae/public_html/vendor/laravel/framework/src/Illuminate/View/View.php(147): Illuminate\\View\\View->renderContents()
#25 /home/u514029155/domains/worldgateconsultation.ae/public_html/vendor/laravel/framework/src/Illuminate/Http/Response.php(69): Illuminate\\View\\View->render()
#26 /home/u514029155/domains/worldgateconsultation.ae/public_html/vendor/laravel/framework/src/Illuminate/Http/Response.php(35): Illuminate\\Http\\Response->setContent()
#27 /home/u514029155/domains/worldgateconsultation.ae/public_html/vendor/laravel/framework/src/Illuminate/Routing/Router.php(906): Illuminate\\Http\\Response->__construct()
#28 /home/u514029155/domains/worldgateconsultation.ae/public_html/vendor/laravel/framework/src/Illuminate/Routing/Router.php(875): Illuminate\\Routing\\Router::toResponse()
#29 /home/u514029155/domains/worldgateconsultation.ae/public_html/vendor/laravel/framework/src/Illuminate/Routing/Router.php(798): Illuminate\\Routing\\Router->prepareResponse()
#30 /home/u514029155/domains/worldgateconsultation.ae/public_html/vendor/laravel/framework/src/Illuminate/Pipeline/Pipeline.php(141): Illuminate\\Routing\\Router->Illuminate\\Routing\\{closure}()
#31 /home/u514029155/domains/worldgateconsultation.ae/public_html/app/Http/Middleware/CheckRestriction.php(34): Illuminate\\Pipeline\\Pipeline->Illuminate\\Pipeline\\{closure}()
#32 /home/u514029155/domains/worldgateconsultation.ae/public_html/vendor/laravel/framework/src/Illuminate/Pipeline/Pipeline.php(180): App\\Http\\Middleware\\CheckRestriction->handle()
#33 /home/u514029155/domains/worldgateconsultation.ae/public_html/app/Http/Middleware/CheckMaintenance.php(37): Illuminate\\Pipeline\\Pipeline->Illuminate\\Pipeline\\{closure}()
#34 /home/u514029155/domains/worldgateconsultation.ae/public_html/vendor/laravel/framework/src/Illuminate/Pipeline/Pipeline.php(180): App\\Http\\Middleware\\CheckMaintenance->handle()
#35 /home/u514029155/domains/worldgateconsultation.ae/public_html/app/Http/Middleware/Share.php(90): Illuminate\\Pipeline\\Pipeline->Illuminate\\Pipeline\\{closure}()
#36 /home/u514029155/domains/worldgateconsultation.ae/public_html/vendor/laravel/framework/src/Illuminate/Pipeline/Pipeline.php(180): App\\Http\\Middleware\\Share->handle()
#37 /home/u514029155/domains/worldgateconsultation.ae/public_html/app/Http/Middleware/Impersonate.php(23): Illuminate\\Pipeline\\Pipeline->Illuminate\\Pipeline\\{closure}()
#38 /home/u514029155/domains/worldgateconsultation.ae/public_html/vendor/laravel/framework/src/Illuminate/Pipeline/Pipeline.php(180): App\\Http\\Middleware\\Impersonate->handle()
#39 /home/u514029155/domains/worldgateconsultation.ae/public_html/app/Http/Middleware/CheckMobileApp.php(25): Illuminate\\Pipeline\\Pipeline->Illuminate\\Pipeline\\{closure}()
#40 /home/u514029155/domains/worldgateconsultation.ae/public_html/vendor/laravel/framework/src/Illuminate/Pipeline/Pipeline.php(180): App\\Http\\Middleware\\CheckMobileApp->handle()
#41 /home/u514029155/domains/worldgateconsultation.ae/public_html/app/Http/Middleware/DebugBar.php(22): Illuminate\\Pipeline\\Pipeline->Illuminate\\Pipeline\\{closure}()
#42 /home/u514029155/domains/worldgateconsultation.ae/public_html/vendor/laravel/framework/src/Illuminate/Pipeline/Pipeline.php(180): App\\Http\\Middleware\\DebugBar->handle()
#43 /home/u514029155/domains/worldgateconsultation.ae/public_html/app/Http/Middleware/UserLocale.php(44): Illuminate\\Pipeline\\Pipeline->Illuminate\\Pipeline\\{closure}()
#44 /home/u514029155/domains/worldgateconsultation.ae/public_html/vendor/laravel/framework/src/Illuminate/Pipeline/Pipeline.php(180): App\\Http\\Middleware\\UserLocale->handle()
#45 /home/u514029155/domains/worldgateconsultation.ae/public_html/vendor/laravel/framework/src/Illuminate/Routing/Middleware/SubstituteBindings.php(50): Illuminate\\Pipeline\\Pipeline->Illuminate\\Pipeline\\{closure}()
#46 /home/u514029155/domains/worldgateconsultation.ae/public_html/vendor/laravel/framework/src/Illuminate/Pipeline/Pipeline.php(180): Illuminate\\Routing\\Middleware\\SubstituteBindings->handle()
#47 /home/u514029155/domains/worldgateconsultation.ae/public_html/vendor/laravel/framework/src/Illuminate/Foundation/Http/Middleware/VerifyCsrfToken.php(78): Illuminate\\Pipeline\\Pipeline->Illuminate\\Pipeline\\{closure}()
#48 /home/u514029155/domains/worldgateconsultation.ae/public_html/vendor/laravel/framework/src/Illuminate/Pipeline/Pipeline.php(180): Illuminate\\Foundation\\Http\\Middleware\\VerifyCsrfToken->handle()
#49 /home/u514029155/domains/worldgateconsultation.ae/public_html/vendor/laravel/framework/src/Illuminate/View/Middleware/ShareErrorsFromSession.php(49): Illuminate\\Pipeline\\Pipeline->Illuminate\\Pipeline\\{closure}()
#50 /home/u514029155/domains/worldgateconsultation.ae/public_html/vendor/laravel/framework/src/Illuminate/Pipeline/Pipeline.php(180): Illuminate\\View\\Middleware\\ShareErrorsFromSession->handle()
#51 /home/u514029155/domains/worldgateconsultation.ae/public_html/vendor/laravel/framework/src/Illuminate/Session/Middleware/StartSession.php(121): Illuminate\\Pipeline\\Pipeline->Illuminate\\Pipeline\\{closure}()
#52 /home/u514029155/domains/worldgateconsultation.ae/public_html/vendor/laravel/framework/src/Illuminate/Session/Middleware/StartSession.php(64): Illuminate\\Session\\Middleware\\StartSession->handleStatefulRequest()
#53 /home/u514029155/domains/worldgateconsultation.ae/public_html/vendor/laravel/framework/src/Illuminate/Pipeline/Pipeline.php(180): Illuminate\\Session\\Middleware\\StartSession->handle()
#54 /home/u514029155/domains/worldgateconsultation.ae/public_html/vendor/laravel/framework/src/Illuminate/Cookie/Middleware/AddQueuedCookiesToResponse.php(37): Illuminate\\Pipeline\\Pipeline->Illuminate\\Pipeline\\{closure}()
#55 /home/u514029155/domains/worldgateconsultation.ae/public_html/vendor/laravel/framework/src/Illuminate/Pipeline/Pipeline.php(180): Illuminate\\Cookie\\Middleware\\AddQueuedCookiesToResponse->handle()
#56 /home/u514029155/domains/worldgateconsultation.ae/public_html/vendor/laravel/framework/src/Illuminate/Cookie/Middleware/EncryptCookies.php(67): Illuminate\\Pipeline\\Pipeline->Illuminate\\Pipeline\\{closure}()
#57 /home/u514029155/domains/worldgateconsultation.ae/public_html/vendor/laravel/framework/src/Illuminate/Pipeline/Pipeline.php(180): Illuminate\\Cookie\\Middleware\\EncryptCookies->handle()
#58 /home/u514029155/domains/worldgateconsultation.ae/public_html/vendor/laravel/framework/src/Illuminate/Pipeline/Pipeline.php(116): Illuminate\\Pipeline\\Pipeline->Illuminate\\Pipeline\\{closure}()
#59 /home/u514029155/domains/worldgateconsultation.ae/public_html/vendor/laravel/framework/src/Illuminate/Routing/Router.php(799): Illuminate\\Pipeline\\Pipeline->then()
#60 /home/u514029155/domains/worldgateconsultation.ae/public_html/vendor/laravel/framework/src/Illuminate/Routing/Router.php(776): Illuminate\\Routing\\Router->runRouteWithinStack()
#61 /home/u514029155/domains/worldgateconsultation.ae/public_html/vendor/laravel/framework/src/Illuminate/Routing/Router.php(740): Illuminate\\Routing\\Router->runRoute()
#62 /home/u514029155/domains/worldgateconsultation.ae/public_html/vendor/laravel/framework/src/Illuminate/Routing/Router.php(729): Illuminate\\Routing\\Router->dispatchToRoute()
#63 /home/u514029155/domains/worldgateconsultation.ae/public_html/vendor/laravel/framework/src/Illuminate/Foundation/Http/Kernel.php(190): Illuminate\\Routing\\Router->dispatch()
#64 /home/u514029155/domains/worldgateconsultation.ae/public_html/vendor/laravel/framework/src/Illuminate/Pipeline/Pipeline.php(141): Illuminate\\Foundation\\Http\\Kernel->Illuminate\\Foundation\\Http\\{closure}()
#65 /home/u514029155/domains/worldgateconsultation.ae/public_html/vendor/barryvdh/laravel-debugbar/src/Middleware/InjectDebugbar.php(66): Illuminate\\Pipeline\\Pipeline->Illuminate\\Pipeline\\{closure}()
#66 /home/u514029155/domains/worldgateconsultation.ae/public_html/vendor/laravel/framework/src/Illuminate/Pipeline/Pipeline.php(180): Barryvdh\\Debugbar\\Middleware\\InjectDebugbar->handle()
#67 /home/u514029155/domains/worldgateconsultation.ae/public_html/vendor/laravel/framework/src/Illuminate/Foundation/Http/Middleware/TransformsRequest.php(21): Illuminate\\Pipeline\\Pipeline->Illuminate\\Pipeline\\{closure}()
#68 /home/u514029155/domains/worldgateconsultation.ae/public_html/vendor/laravel/framework/src/Illuminate/Foundation/Http/Middleware/ConvertEmptyStringsToNull.php(31): Illuminate\\Foundation\\Http\\Middleware\\TransformsRequest->handle()
#69 /home/u514029155/domains/worldgateconsultation.ae/public_html/vendor/laravel/framework/src/Illuminate/Pipeline/Pipeline.php(180): Illuminate\\Foundation\\Http\\Middleware\\ConvertEmptyStringsToNull->handle()
#70 /home/u514029155/domains/worldgateconsultation.ae/public_html/vendor/laravel/framework/src/Illuminate/Foundation/Http/Middleware/TransformsRequest.php(21): Illuminate\\Pipeline\\Pipeline->Illuminate\\Pipeline\\{closure}()
#71 /home/u514029155/domains/worldgateconsultation.ae/public_html/vendor/laravel/framework/src/Illuminate/Foundation/Http/Middleware/TrimStrings.php(40): Illuminate\\Foundation\\Http\\Middleware\\TransformsRequest->handle()
#72 /home/u514029155/domains/worldgateconsultation.ae/public_html/vendor/laravel/framework/src/Illuminate/Pipeline/Pipeline.php(180): Illuminate\\Foundation\\Http\\Middleware\\TrimStrings->handle()
#73 /home/u514029155/domains/worldgateconsultation.ae/public_html/vendor/laravel/framework/src/Illuminate/Foundation/Http/Middleware/ValidatePostSize.php(27): Illuminate\\Pipeline\\Pipeline->Illuminate\\Pipeline\\{closure}()
#74 /home/u514029155/domains/worldgateconsultation.ae/public_html/vendor/laravel/framework/src/Illuminate/Pipeline/Pipeline.php(180): Illuminate\\Foundation\\Http\\Middleware\\ValidatePostSize->handle()
#75 /home/u514029155/domains/worldgateconsultation.ae/public_html/vendor/laravel/framework/src/Illuminate/Foundation/Http/Middleware/PreventRequestsDuringMaintenance.php(86): Illuminate\\Pipeline\\Pipeline->Illuminate\\Pipeline\\{closure}()
#76 /home/u514029155/domains/worldgateconsultation.ae/public_html/vendor/laravel/framework/src/Illuminate/Pipeline/Pipeline.php(180): Illuminate\\Foundation\\Http\\Middleware\\PreventRequestsDuringMaintenance->handle()
#77 /home/u514029155/domains/worldgateconsultation.ae/public_html/vendor/fruitcake/laravel-cors/src/HandleCors.php(38): Illuminate\\Pipeline\\Pipeline->Illuminate\\Pipeline\\{closure}()
#78 /home/u514029155/domains/worldgateconsultation.ae/public_html/vendor/laravel/framework/src/Illuminate/Pipeline/Pipeline.php(180): Fruitcake\\Cors\\HandleCors->handle()
#79 /home/u514029155/domains/worldgateconsultation.ae/public_html/vendor/laravel/framework/src/Illuminate/Http/Middleware/TrustProxies.php(39): Illuminate\\Pipeline\\Pipeline->Illuminate\\Pipeline\\{closure}()
#80 /home/u514029155/domains/worldgateconsultation.ae/public_html/vendor/laravel/framework/src/Illuminate/Pipeline/Pipeline.php(180): Illuminate\\Http\\Middleware\\TrustProxies->handle()
#81 /home/u514029155/domains/worldgateconsultation.ae/public_html/vendor/laravel/framework/src/Illuminate/Pipeline/Pipeline.php(116): Illuminate\\Pipeline\\Pipeline->Illuminate\\Pipeline\\{closure}()
#82 /home/u514029155/domains/worldgateconsultation.ae/public_html/vendor/laravel/framework/src/Illuminate/Foundation/Http/Kernel.php(165): Illuminate\\Pipeline\\Pipeline->then()
#83 /home/u514029155/domains/worldgateconsultation.ae/public_html/vendor/laravel/framework/src/Illuminate/Foundation/Http/Kernel.php(134): Illuminate\\Foundation\\Http\\Kernel->sendRequestThroughRouter()
#84 /home/u514029155/domains/worldgateconsultation.ae/public_html/public/index.php(52): Illuminate\\Foundation\\Http\\Kernel->handle()
#85 {main}
"} 
[2024-12-18 06:12:06] production.ERROR: SQLSTATE[08004] [1040] Too many connections (SQL: select * from `setting_translations` where `setting_translations`.`setting_id` = 53 and `setting_translations`.`setting_id` is not null) {"exception":"[object] (Illuminate\\Database\\QueryException(code: 1040): SQLSTATE[08004] [1040] Too many connections (SQL: select * from `setting_translations` where `setting_translations`.`setting_id` = 53 and `setting_translations`.`setting_id` is not null) at /home/u514029155/domains/worldgateconsultation.ae/public_html/vendor/laravel/framework/src/Illuminate/Database/Connection.php:760)
[stacktrace]
#0 /home/u514029155/domains/worldgateconsultation.ae/public_html/vendor/laravel/framework/src/Illuminate/Database/Connection.php(720): Illuminate\\Database\\Connection->runQueryCallback()
#1 /home/u514029155/domains/worldgateconsultation.ae/public_html/vendor/laravel/framework/src/Illuminate/Database/Connection.php(422): Illuminate\\Database\\Connection->run()
#2 /home/u514029155/domains/worldgateconsultation.ae/public_html/vendor/laravel/framework/src/Illuminate/Database/Query/Builder.php(2706): Illuminate\\Database\\Connection->select()
#3 /home/u514029155/domains/worldgateconsultation.ae/public_html/vendor/laravel/framework/src/Illuminate/Database/Query/Builder.php(2694): Illuminate\\Database\\Query\\Builder->runSelect()
#4 /home/u514029155/domains/worldgateconsultation.ae/public_html/vendor/laravel/framework/src/Illuminate/Database/Query/Builder.php(3230): Illuminate\\Database\\Query\\Builder->Illuminate\\Database\\Query\\{closure}()
#5 /home/u514029155/domains/worldgateconsultation.ae/public_html/vendor/laravel/framework/src/Illuminate/Database/Query/Builder.php(2695): Illuminate\\Database\\Query\\Builder->onceWithColumns()
#6 /home/u514029155/domains/worldgateconsultation.ae/public_html/vendor/laravel/framework/src/Illuminate/Database/Eloquent/Builder.php(710): Illuminate\\Database\\Query\\Builder->get()
#7 /home/u514029155/domains/worldgateconsultation.ae/public_html/vendor/laravel/framework/src/Illuminate/Database/Eloquent/Builder.php(694): Illuminate\\Database\\Eloquent\\Builder->getModels()
#8 /home/u514029155/domains/worldgateconsultation.ae/public_html/vendor/laravel/framework/src/Illuminate/Database/Eloquent/Relations/HasMany.php(17): Illuminate\\Database\\Eloquent\\Builder->get()
#9 /home/u514029155/domains/worldgateconsultation.ae/public_html/vendor/laravel/framework/src/Illuminate/Database/Eloquent/Concerns/HasAttributes.php(594): Illuminate\\Database\\Eloquent\\Relations\\HasMany->getResults()
#10 /home/u514029155/domains/worldgateconsultation.ae/public_html/vendor/laravel/framework/src/Illuminate/Database/Eloquent/Concerns/HasAttributes.php(532): Illuminate\\Database\\Eloquent\\Model->getRelationshipFromMethod()
#11 /home/u514029155/domains/worldgateconsultation.ae/public_html/vendor/laravel/framework/src/Illuminate/Database/Eloquent/Concerns/HasAttributes.php(457): Illuminate\\Database\\Eloquent\\Model->getRelationValue()
#12 /home/u514029155/domains/worldgateconsultation.ae/public_html/vendor/astrotomic/laravel-translatable/src/Translatable/Translatable.php(161): Illuminate\\Database\\Eloquent\\Model->getAttribute()
#13 /home/u514029155/domains/worldgateconsultation.ae/public_html/vendor/laravel/framework/src/Illuminate/Database/Eloquent/Model.php(2222): App\\Models\\Setting->getAttribute()
#14 /home/u514029155/domains/worldgateconsultation.ae/public_html/vendor/astrotomic/laravel-translatable/src/Translatable/Translatable.php(435): Illuminate\\Database\\Eloquent\\Model->__get()
#15 /home/u514029155/domains/worldgateconsultation.ae/public_html/vendor/astrotomic/laravel-translatable/src/Translatable/Translatable.php(196): App\\Models\\Setting->getTranslationByLocaleKey()
#16 /home/u514029155/domains/worldgateconsultation.ae/public_html/vendor/astrotomic/laravel-translatable/src/Translatable/Translatable.php(145): App\\Models\\Setting->getTranslation()
#17 /home/u514029155/domains/worldgateconsultation.ae/public_html/vendor/laravel/framework/src/Illuminate/Database/Eloquent/Model.php(2222): App\\Models\\Setting->getAttribute()
#18 /home/u514029155/domains/worldgateconsultation.ae/public_html/app/Models/Setting.php(144): Illuminate\\Database\\Eloquent\\Model->__get()
#19 /home/u514029155/domains/worldgateconsultation.ae/public_html/app/Models/Setting.php(442): App\\Models\\Setting::getSetting()
#20 /home/u514029155/domains/worldgateconsultation.ae/public_html/app/Helpers/helper.php(1792): App\\Models\\Setting::getGeneralSecuritySettings()
#21 /home/u514029155/domains/worldgateconsultation.ae/public_html/app/Helpers/helper.php(1803): getGeneralSecuritySettings()
#22 /home/u514029155/domains/worldgateconsultation.ae/public_html/routes/admin.php(5): getAdminPanelUrlPrefix()
#23 /home/u514029155/domains/worldgateconsultation.ae/public_html/vendor/laravel/framework/src/Illuminate/Routing/RouteFileRegistrar.php(35): require('/home/u51402915...')
#24 /home/u514029155/domains/worldgateconsultation.ae/public_html/vendor/laravel/framework/src/Illuminate/Routing/Router.php(503): Illuminate\\Routing\\RouteFileRegistrar->register()
#25 /home/u514029155/domains/worldgateconsultation.ae/public_html/vendor/laravel/framework/src/Illuminate/Routing/Router.php(457): Illuminate\\Routing\\Router->loadRoutes()
#26 /home/u514029155/domains/worldgateconsultation.ae/public_html/vendor/laravel/framework/src/Illuminate/Routing/RouteRegistrar.php(192): Illuminate\\Routing\\Router->group()
#27 /home/u514029155/domains/worldgateconsultation.ae/public_html/app/Providers/RouteServiceProvider.php(98): Illuminate\\Routing\\RouteRegistrar->group()
#28 /home/u514029155/domains/worldgateconsultation.ae/public_html/app/Providers/RouteServiceProvider.php(51): App\\Providers\\RouteServiceProvider->mapAdminRoutes()
#29 /home/u514029155/domains/worldgateconsultation.ae/public_html/vendor/laravel/framework/src/Illuminate/Container/BoundMethod.php(36): App\\Providers\\RouteServiceProvider->map()
#30 /home/u514029155/domains/worldgateconsultation.ae/public_html/vendor/laravel/framework/src/Illuminate/Container/Util.php(41): Illuminate\\Container\\BoundMethod::Illuminate\\Container\\{closure}()
#31 /home/u514029155/domains/worldgateconsultation.ae/public_html/vendor/laravel/framework/src/Illuminate/Container/BoundMethod.php(93): Illuminate\\Container\\Util::unwrapIfClosure()
#32 /home/u514029155/domains/worldgateconsultation.ae/public_html/vendor/laravel/framework/src/Illuminate/Container/BoundMethod.php(37): Illuminate\\Container\\BoundMethod::callBoundMethod()
#33 /home/u514029155/domains/worldgateconsultation.ae/public_html/vendor/laravel/framework/src/Illuminate/Container/Container.php(661): Illuminate\\Container\\BoundMethod::call()
#34 /home/u514029155/domains/worldgateconsultation.ae/public_html/vendor/laravel/framework/src/Illuminate/Foundation/Support/Providers/RouteServiceProvider.php(122): Illuminate\\Container\\Container->call()
#35 /home/u514029155/domains/worldgateconsultation.ae/public_html/vendor/laravel/framework/src/Illuminate/Foundation/Support/Providers/RouteServiceProvider.php(45): Illuminate\\Foundation\\Support\\Providers\\RouteServiceProvider->loadRoutes()
#36 /home/u514029155/domains/worldgateconsultation.ae/public_html/vendor/laravel/framework/src/Illuminate/Container/BoundMethod.php(36): Illuminate\\Foundation\\Support\\Providers\\RouteServiceProvider->Illuminate\\Foundation\\Support\\Providers\\{closure}()
#37 /home/u514029155/domains/worldgateconsultation.ae/public_html/vendor/laravel/framework/src/Illuminate/Container/Util.php(41): Illuminate\\Container\\BoundMethod::Illuminate\\Container\\{closure}()
#38 /home/u514029155/domains/worldgateconsultation.ae/public_html/vendor/laravel/framework/src/Illuminate/Container/BoundMethod.php(81): Illuminate\\Container\\Util::unwrapIfClosure()
#39 /home/u514029155/domains/worldgateconsultation.ae/public_html/vendor/laravel/framework/src/Illuminate/Container/BoundMethod.php(37): Illuminate\\Container\\BoundMethod::callBoundMethod()
#40 /home/u514029155/domains/worldgateconsultation.ae/public_html/vendor/laravel/framework/src/Illuminate/Container/Container.php(661): Illuminate\\Container\\BoundMethod::call()
#41 /home/u514029155/domains/worldgateconsultation.ae/public_html/vendor/laravel/framework/src/Illuminate/Support/ServiceProvider.php(119): Illuminate\\Container\\Container->call()
#42 /home/u514029155/domains/worldgateconsultation.ae/public_html/vendor/laravel/framework/src/Illuminate/Foundation/Application.php(932): Illuminate\\Support\\ServiceProvider->callBootedCallbacks()
#43 /home/u514029155/domains/worldgateconsultation.ae/public_html/vendor/laravel/framework/src/Illuminate/Foundation/Application.php(910): Illuminate\\Foundation\\Application->bootProvider()
#44 [internal function]: Illuminate\\Foundation\\Application->Illuminate\\Foundation\\{closure}()
#45 /home/u514029155/domains/worldgateconsultation.ae/public_html/vendor/laravel/framework/src/Illuminate/Foundation/Application.php(911): array_walk()
#46 /home/u514029155/domains/worldgateconsultation.ae/public_html/vendor/laravel/framework/src/Illuminate/Foundation/Bootstrap/BootProviders.php(17): Illuminate\\Foundation\\Application->boot()
#47 /home/u514029155/domains/worldgateconsultation.ae/public_html/vendor/laravel/framework/src/Illuminate/Foundation/Application.php(242): Illuminate\\Foundation\\Bootstrap\\BootProviders->bootstrap()
#48 /home/u514029155/domains/worldgateconsultation.ae/public_html/vendor/laravel/framework/src/Illuminate/Foundation/Http/Kernel.php(176): Illuminate\\Foundation\\Application->bootstrapWith()
#49 /home/u514029155/domains/worldgateconsultation.ae/public_html/vendor/laravel/framework/src/Illuminate/Foundation/Http/Kernel.php(160): Illuminate\\Foundation\\Http\\Kernel->bootstrap()
#50 /home/u514029155/domains/worldgateconsultation.ae/public_html/vendor/laravel/framework/src/Illuminate/Foundation/Http/Kernel.php(134): Illuminate\\Foundation\\Http\\Kernel->sendRequestThroughRouter()
#51 /home/u514029155/domains/worldgateconsultation.ae/public_html/public/index.php(52): Illuminate\\Foundation\\Http\\Kernel->handle()
#52 {main}

[previous exception] [object] (PDOException(code: 1040): SQLSTATE[08004] [1040] Too many connections at /home/u514029155/domains/worldgateconsultation.ae/public_html/vendor/laravel/framework/src/Illuminate/Database/Connectors/Connector.php:70)
[stacktrace]
#0 /home/u514029155/domains/worldgateconsultation.ae/public_html/vendor/laravel/framework/src/Illuminate/Database/Connectors/Connector.php(70): PDO->__construct()
#1 /home/u514029155/domains/worldgateconsultation.ae/public_html/vendor/laravel/framework/src/Illuminate/Database/Connectors/Connector.php(46): Illuminate\\Database\\Connectors\\Connector->createPdoConnection()
#2 /home/u514029155/domains/worldgateconsultation.ae/public_html/vendor/laravel/framework/src/Illuminate/Database/Connectors/MySqlConnector.php(24): Illuminate\\Database\\Connectors\\Connector->createConnection()
#3 /home/u514029155/domains/worldgateconsultation.ae/public_html/vendor/laravel/framework/src/Illuminate/Database/Connectors/ConnectionFactory.php(184): Illuminate\\Database\\Connectors\\MySqlConnector->connect()
#4 [internal function]: Illuminate\\Database\\Connectors\\ConnectionFactory->Illuminate\\Database\\Connectors\\{closure}()
#5 /home/u514029155/domains/worldgateconsultation.ae/public_html/vendor/laravel/framework/src/Illuminate/Database/Connection.php(1181): call_user_func()
#6 /home/u514029155/domains/worldgateconsultation.ae/public_html/vendor/laravel/framework/src/Illuminate/Database/Connection.php(1217): Illuminate\\Database\\Connection->getPdo()
#7 /home/u514029155/domains/worldgateconsultation.ae/public_html/vendor/laravel/framework/src/Illuminate/Database/Connection.php(486): Illuminate\\Database\\Connection->getReadPdo()
#8 /home/u514029155/domains/worldgateconsultation.ae/public_html/vendor/laravel/framework/src/Illuminate/Database/Connection.php(414): Illuminate\\Database\\Connection->getPdoForSelect()
#9 /home/u514029155/domains/worldgateconsultation.ae/public_html/vendor/laravel/framework/src/Illuminate/Database/Connection.php(753): Illuminate\\Database\\Connection->Illuminate\\Database\\{closure}()
#10 /home/u514029155/domains/worldgateconsultation.ae/public_html/vendor/laravel/framework/src/Illuminate/Database/Connection.php(720): Illuminate\\Database\\Connection->runQueryCallback()
#11 /home/u514029155/domains/worldgateconsultation.ae/public_html/vendor/laravel/framework/src/Illuminate/Database/Connection.php(422): Illuminate\\Database\\Connection->run()
#12 /home/u514029155/domains/worldgateconsultation.ae/public_html/vendor/laravel/framework/src/Illuminate/Database/Query/Builder.php(2706): Illuminate\\Database\\Connection->select()
#13 /home/u514029155/domains/worldgateconsultation.ae/public_html/vendor/laravel/framework/src/Illuminate/Database/Query/Builder.php(2694): Illuminate\\Database\\Query\\Builder->runSelect()
#14 /home/u514029155/domains/worldgateconsultation.ae/public_html/vendor/laravel/framework/src/Illuminate/Database/Query/Builder.php(3230): Illuminate\\Database\\Query\\Builder->Illuminate\\Database\\Query\\{closure}()
#15 /home/u514029155/domains/worldgateconsultation.ae/public_html/vendor/laravel/framework/src/Illuminate/Database/Query/Builder.php(2695): Illuminate\\Database\\Query\\Builder->onceWithColumns()
#16 /home/u514029155/domains/worldgateconsultation.ae/public_html/vendor/laravel/framework/src/Illuminate/Database/Eloquent/Builder.php(710): Illuminate\\Database\\Query\\Builder->get()
#17 /home/u514029155/domains/worldgateconsultation.ae/public_html/vendor/laravel/framework/src/Illuminate/Database/Eloquent/Builder.php(694): Illuminate\\Database\\Eloquent\\Builder->getModels()
#18 /home/u514029155/domains/worldgateconsultation.ae/public_html/vendor/laravel/framework/src/Illuminate/Database/Eloquent/Relations/HasMany.php(17): Illuminate\\Database\\Eloquent\\Builder->get()
#19 /home/u514029155/domains/worldgateconsultation.ae/public_html/vendor/laravel/framework/src/Illuminate/Database/Eloquent/Concerns/HasAttributes.php(594): Illuminate\\Database\\Eloquent\\Relations\\HasMany->getResults()
#20 /home/u514029155/domains/worldgateconsultation.ae/public_html/vendor/laravel/framework/src/Illuminate/Database/Eloquent/Concerns/HasAttributes.php(532): Illuminate\\Database\\Eloquent\\Model->getRelationshipFromMethod()
#21 /home/u514029155/domains/worldgateconsultation.ae/public_html/vendor/laravel/framework/src/Illuminate/Database/Eloquent/Concerns/HasAttributes.php(457): Illuminate\\Database\\Eloquent\\Model->getRelationValue()
#22 /home/u514029155/domains/worldgateconsultation.ae/public_html/vendor/astrotomic/laravel-translatable/src/Translatable/Translatable.php(161): Illuminate\\Database\\Eloquent\\Model->getAttribute()
#23 /home/u514029155/domains/worldgateconsultation.ae/public_html/vendor/laravel/framework/src/Illuminate/Database/Eloquent/Model.php(2222): App\\Models\\Setting->getAttribute()
#24 /home/u514029155/domains/worldgateconsultation.ae/public_html/vendor/astrotomic/laravel-translatable/src/Translatable/Translatable.php(435): Illuminate\\Database\\Eloquent\\Model->__get()
#25 /home/u514029155/domains/worldgateconsultation.ae/public_html/vendor/astrotomic/laravel-translatable/src/Translatable/Translatable.php(196): App\\Models\\Setting->getTranslationByLocaleKey()
#26 /home/u514029155/domains/worldgateconsultation.ae/public_html/vendor/astrotomic/laravel-translatable/src/Translatable/Translatable.php(145): App\\Models\\Setting->getTranslation()
#27 /home/u514029155/domains/worldgateconsultation.ae/public_html/vendor/laravel/framework/src/Illuminate/Database/Eloquent/Model.php(2222): App\\Models\\Setting->getAttribute()
#28 /home/u514029155/domains/worldgateconsultation.ae/public_html/app/Models/Setting.php(144): Illuminate\\Database\\Eloquent\\Model->__get()
#29 /home/u514029155/domains/worldgateconsultation.ae/public_html/app/Models/Setting.php(442): App\\Models\\Setting::getSetting()
#30 /home/u514029155/domains/worldgateconsultation.ae/public_html/app/Helpers/helper.php(1792): App\\Models\\Setting::getGeneralSecuritySettings()
#31 /home/u514029155/domains/worldgateconsultation.ae/public_html/app/Helpers/helper.php(1803): getGeneralSecuritySettings()
#32 /home/u514029155/domains/worldgateconsultation.ae/public_html/routes/admin.php(5): getAdminPanelUrlPrefix()
#33 /home/u514029155/domains/worldgateconsultation.ae/public_html/vendor/laravel/framework/src/Illuminate/Routing/RouteFileRegistrar.php(35): require('/home/u51402915...')
#34 /home/u514029155/domains/worldgateconsultation.ae/public_html/vendor/laravel/framework/src/Illuminate/Routing/Router.php(503): Illuminate\\Routing\\RouteFileRegistrar->register()
#35 /home/u514029155/domains/worldgateconsultation.ae/public_html/vendor/laravel/framework/src/Illuminate/Routing/Router.php(457): Illuminate\\Routing\\Router->loadRoutes()
#36 /home/u514029155/domains/worldgateconsultation.ae/public_html/vendor/laravel/framework/src/Illuminate/Routing/RouteRegistrar.php(192): Illuminate\\Routing\\Router->group()
#37 /home/u514029155/domains/worldgateconsultation.ae/public_html/app/Providers/RouteServiceProvider.php(98): Illuminate\\Routing\\RouteRegistrar->group()
#38 /home/u514029155/domains/worldgateconsultation.ae/public_html/app/Providers/RouteServiceProvider.php(51): App\\Providers\\RouteServiceProvider->mapAdminRoutes()
#39 /home/u514029155/domains/worldgateconsultation.ae/public_html/vendor/laravel/framework/src/Illuminate/Container/BoundMethod.php(36): App\\Providers\\RouteServiceProvider->map()
#40 /home/u514029155/domains/worldgateconsultation.ae/public_html/vendor/laravel/framework/src/Illuminate/Container/Util.php(41): Illuminate\\Container\\BoundMethod::Illuminate\\Container\\{closure}()
#41 /home/u514029155/domains/worldgateconsultation.ae/public_html/vendor/laravel/framework/src/Illuminate/Container/BoundMethod.php(93): Illuminate\\Container\\Util::unwrapIfClosure()
#42 /home/u514029155/domains/worldgateconsultation.ae/public_html/vendor/laravel/framework/src/Illuminate/Container/BoundMethod.php(37): Illuminate\\Container\\BoundMethod::callBoundMethod()
#43 /home/u514029155/domains/worldgateconsultation.ae/public_html/vendor/laravel/framework/src/Illuminate/Container/Container.php(661): Illuminate\\Container\\BoundMethod::call()
#44 /home/u514029155/domains/worldgateconsultation.ae/public_html/vendor/laravel/framework/src/Illuminate/Foundation/Support/Providers/RouteServiceProvider.php(122): Illuminate\\Container\\Container->call()
#45 /home/u514029155/domains/worldgateconsultation.ae/public_html/vendor/laravel/framework/src/Illuminate/Foundation/Support/Providers/RouteServiceProvider.php(45): Illuminate\\Foundation\\Support\\Providers\\RouteServiceProvider->loadRoutes()
#46 /home/u514029155/domains/worldgateconsultation.ae/public_html/vendor/laravel/framework/src/Illuminate/Container/BoundMethod.php(36): Illuminate\\Foundation\\Support\\Providers\\RouteServiceProvider->Illuminate\\Foundation\\Support\\Providers\\{closure}()
#47 /home/u514029155/domains/worldgateconsultation.ae/public_html/vendor/laravel/framework/src/Illuminate/Container/Util.php(41): Illuminate\\Container\\BoundMethod::Illuminate\\Container\\{closure}()
#48 /home/u514029155/domains/worldgateconsultation.ae/public_html/vendor/laravel/framework/src/Illuminate/Container/BoundMethod.php(81): Illuminate\\Container\\Util::unwrapIfClosure()
#49 /home/u514029155/domains/worldgateconsultation.ae/public_html/vendor/laravel/framework/src/Illuminate/Container/BoundMethod.php(37): Illuminate\\Container\\BoundMethod::callBoundMethod()
#50 /home/u514029155/domains/worldgateconsultation.ae/public_html/vendor/laravel/framework/src/Illuminate/Container/Container.php(661): Illuminate\\Container\\BoundMethod::call()
#51 /home/u514029155/domains/worldgateconsultation.ae/public_html/vendor/laravel/framework/src/Illuminate/Support/ServiceProvider.php(119): Illuminate\\Container\\Container->call()
#52 /home/u514029155/domains/worldgateconsultation.ae/public_html/vendor/laravel/framework/src/Illuminate/Foundation/Application.php(932): Illuminate\\Support\\ServiceProvider->callBootedCallbacks()
#53 /home/u514029155/domains/worldgateconsultation.ae/public_html/vendor/laravel/framework/src/Illuminate/Foundation/Application.php(910): Illuminate\\Foundation\\Application->bootProvider()
#54 [internal function]: Illuminate\\Foundation\\Application->Illuminate\\Foundation\\{closure}()
#55 /home/u514029155/domains/worldgateconsultation.ae/public_html/vendor/laravel/framework/src/Illuminate/Foundation/Application.php(911): array_walk()
#56 /home/u514029155/domains/worldgateconsultation.ae/public_html/vendor/laravel/framework/src/Illuminate/Foundation/Bootstrap/BootProviders.php(17): Illuminate\\Foundation\\Application->boot()
#57 /home/u514029155/domains/worldgateconsultation.ae/public_html/vendor/laravel/framework/src/Illuminate/Foundation/Application.php(242): Illuminate\\Foundation\\Bootstrap\\BootProviders->bootstrap()
#58 /home/u514029155/domains/worldgateconsultation.ae/public_html/vendor/laravel/framework/src/Illuminate/Foundation/Http/Kernel.php(176): Illuminate\\Foundation\\Application->bootstrapWith()
#59 /home/u514029155/domains/worldgateconsultation.ae/public_html/vendor/laravel/framework/src/Illuminate/Foundation/Http/Kernel.php(160): Illuminate\\Foundation\\Http\\Kernel->bootstrap()
#60 /home/u514029155/domains/worldgateconsultation.ae/public_html/vendor/laravel/framework/src/Illuminate/Foundation/Http/Kernel.php(134): Illuminate\\Foundation\\Http\\Kernel->sendRequestThroughRouter()
#61 /home/u514029155/domains/worldgateconsultation.ae/public_html/public/index.php(52): Illuminate\\Foundation\\Http\\Kernel->handle()
#62 {main}
"} 
